<?xml version="1.0" encoding="UTF-8"?>
<!-- Generated by org.testng.reporters.JUnitReportReporter -->
<testsuite hostname="Utkarshs-MacBook-Air.local" failures="0" tests="1" name="testFireTestClass.AltoroTest" time="9.461" errors="0" timestamp="2023-01-03T17:33:21 IST" skipped="0">
  <testcase classname="testFireTestClass.AltoroTest" name="validateBalance" time="9.461"/>
  <system-out/>
</testsuite> <!-- testFireTestClass.AltoroTest -->
